2025-05-25 21:34:49 [main] INFO  server.ServerMain - Инициализация базы данных...
2025-05-25 21:34:49 [main] INFO  com.zaxxer.hikari.HikariDataSource - LoyaltySystemPool - Starting...
2025-05-25 21:34:49 [main] INFO  com.zaxxer.hikari.pool.HikariPool - LoyaltySystemPool - Added connection org.postgresql.jdbc.PgConnection@55536d9e
2025-05-25 21:34:49 [main] INFO  com.zaxxer.hikari.HikariDataSource - LoyaltySystemPool - Start completed.
2025-05-25 21:34:49 [main] INFO  server.db.DatabaseConfig - HikariCP успешно инициализирована (URL=jdbc:postgresql://localhost:5432/loyalty_db)
2025-05-25 21:34:49 [main] INFO  server.ServerMain - Запуск HTTP сервера на порту 8090...
2025-05-25 21:34:49 [main] INFO  server.ServerMain - Сервер запущен. Порт: 8090
2025-05-25 21:37:32 [main] INFO  com.zaxxer.hikari.HikariDataSource - LoyaltySystemPool - Starting...
2025-05-25 21:37:33 [main] INFO  com.zaxxer.hikari.pool.HikariPool - LoyaltySystemPool - Added connection org.postgresql.jdbc.PgConnection@140c9f39
2025-05-25 21:37:33 [main] INFO  com.zaxxer.hikari.HikariDataSource - LoyaltySystemPool - Start completed.
2025-05-25 21:37:33 [main] INFO  server.db.DatabaseConfig - HikariCP успешно инициализирована (URL=jdbc:postgresql://localhost:5432/loyalty_db)
2025-05-25 21:38:14 [main] INFO  server.ServerMain - Инициализация базы данных...
2025-05-25 21:38:14 [main] INFO  com.zaxxer.hikari.HikariDataSource - LoyaltySystemPool - Starting...
2025-05-25 21:38:15 [main] INFO  com.zaxxer.hikari.pool.HikariPool - LoyaltySystemPool - Added connection org.postgresql.jdbc.PgConnection@4d910fd6
2025-05-25 21:38:15 [main] INFO  com.zaxxer.hikari.HikariDataSource - LoyaltySystemPool - Start completed.
2025-05-25 21:38:15 [main] INFO  server.db.DatabaseConfig - HikariCP успешно инициализирована (URL=jdbc:postgresql://localhost:5432/loyalty_db)
2025-05-25 21:38:15 [main] INFO  server.ServerMain - Запуск HTTP сервера на порту 8090...
2025-05-25 21:38:15 [main] INFO  server.ServerMain - Сервер запущен. Порт: 8090
2025-05-25 21:41:22 [main] INFO  server.ServerMain - Инициализация базы данных...
2025-05-25 21:41:22 [main] INFO  com.zaxxer.hikari.HikariDataSource - LoyaltySystemPool - Starting...
2025-05-25 21:41:22 [main] INFO  com.zaxxer.hikari.pool.HikariPool - LoyaltySystemPool - Added connection org.postgresql.jdbc.PgConnection@10959ece
2025-05-25 21:41:22 [main] INFO  com.zaxxer.hikari.HikariDataSource - LoyaltySystemPool - Start completed.
2025-05-25 21:41:22 [main] INFO  server.db.DatabaseConfig - HikariCP успешно инициализирована (URL=jdbc:postgresql://localhost:5432/loyalty_db)
2025-05-25 21:41:22 [main] INFO  server.ServerMain - Запуск HTTP сервера на порту 8090...
2025-05-25 21:41:23 [main] INFO  server.ServerMain - Сервер запущен. Порт: 8090
